<?xml version="1.0"?>
<!DOCTYPE beans PUBLIC "-//SPRING//DTD BEAN//EN" "http://www.springframework.org/dtd/spring-beans.dtd">

<beans>
	<bean id="jdbcConfig" class="org.springframework.beans.factory.config.PropertyPlaceholderConfigurer">
		<property name="location" value="/jdbc.properties"/>
	</bean> 
	<bean id="dataSource" class="org.springframework.jdbc.datasource.DriverManagerDataSource">
		<property name="driverClassName" value="${jdbc.driverClassName}"/>
		<property name="url" value="${jdbc.url}"/>
		<property name="username" value="${jdbc.username}"/>
		<property name="password" value="${jdbc.password}"/>
	</bean>

	<bean id="dataSource" class="org.springframework.jndi.JndiObjectFactoryBean">
		<property name="jndiName" value="java:comp/env/jdbc/petclinic"/>
	</bean> 

	<bean id="jndi" class="org.apache.commons.dbcp.BasicDataSource" destroy-method="close">
		<property name="driverClassName">
			<value>com.mysql.jdbc.Driver</value>
		</property>
		<property name="url">
			<value>jdbc:mysql://agtest2/agloco_dev?useUnicode=true&amp;characterEncoding=UTF-8</value>
		</property>
		<property name="username">
			<value>root</value>
		</property>
		<property name="password">
			<value>mysql#Agl0c0</value>
		</property>
		<property name="maxActive">
			<value>20</value>
		</property>
	</bean>

	<bean id="liferayDataSourceTarget" class="com.liferay.portal.spring.jndi.JndiObjectFactoryBean" lazy-init="true">
		<property name="jndiName">
			<value>jdbc/LiferayPool</value>
		</property>
	</bean>

</beans>